[debug] [2021-07-21T13:37:00.143Z] ----------------------------------------------------------------------
[debug] [2021-07-21T13:37:00.145Z] Command:       C:\Program Files\nodejs\node.exe C:\Users\Ajay\AppData\Roaming\npm\node_modules\firebase-tools\lib\bin\firebase.js init
[debug] [2021-07-21T13:37:00.145Z] CLI Version:   9.16.0
[debug] [2021-07-21T13:37:00.145Z] Platform:      win32
[debug] [2021-07-21T13:37:00.145Z] Node Version:  v12.18.2
[debug] [2021-07-21T13:37:00.146Z] Time:          Wed Jul 21 2021 19:07:00 GMT+0530 (India Standard Time)
[debug] [2021-07-21T13:37:00.146Z] ----------------------------------------------------------------------
[debug] 
[debug] [2021-07-21T13:37:00.152Z] > command requires scopes: ["email","openid","https://www.googleapis.com/auth/cloudplatformprojects.readonly","https://www.googleapis.com/auth/firebase","https://www.googleapis.com/auth/cloud-platform"]
[debug] [2021-07-21T13:37:00.152Z] > authorizing via signed-in user (rightmajay@gmail.com)
[info] 
     ######## #### ########  ######## ########     ###     ######  ########
     ##        ##  ##     ## ##       ##     ##  ##   ##  ##       ##
     ######    ##  ########  ######   ########  #########  ######  ######
     ##        ##  ##    ##  ##       ##     ## ##     ##       ## ##
     ##       #### ##     ## ######## ########  ##     ##  ######  ########

You're about to initialize a Firebase project in this directory:

  E:\rightmajay

[info] 
=== Project Setup
[info] 
[info] First, let's associate this project directory with a Firebase project.
[info] You can create multiple project aliases by running firebase use --add, 
[info] but for now we'll just set up a default project.
[info] 
[debug] [2021-07-21T13:37:14.877Z] > refreshing access token with scopes: []
[debug] [2021-07-21T13:37:14.877Z] >>> HTTP REQUEST POST https://www.googleapis.com/oauth2/v3/token  
 <request body omitted>
[debug] [2021-07-21T13:37:15.289Z] <<< HTTP RESPONSE 200 {"date":"Wed, 21 Jul 2021 13:37:20 GMT","expires":"Mon, 01 Jan 1990 00:00:00 GMT","cache-control":"no-cache, no-store, max-age=0, must-revalidate","pragma":"no-cache","content-type":"application/json; charset=utf-8","vary":"X-Origin, Referer, Origin,Accept-Encoding","server":"scaffolding on HTTPServer2","x-xss-protection":"0","x-frame-options":"SAMEORIGIN","x-content-type-options":"nosniff","alt-svc":"h3=\":443\"; ma=2592000,h3-29=\":443\"; ma=2592000,h3-T051=\":443\"; ma=2592000,h3-Q050=\":443\"; ma=2592000,h3-Q046=\":443\"; ma=2592000,h3-Q043=\":443\"; ma=2592000,quic=\":443\"; ma=2592000; v=\"46,43\"","accept-ranges":"none","transfer-encoding":"chunked"}
[debug] [2021-07-21T13:37:15.298Z] >>> [apiv2][query] GET https://firebase.googleapis.com/v1beta1/projects pageSize=100
[debug] [2021-07-21T13:37:16.204Z] <<< [apiv2][status] GET https://firebase.googleapis.com/v1beta1/projects 200
[debug] [2021-07-21T13:37:16.205Z] <<< [apiv2][body] GET https://firebase.googleapis.com/v1beta1/projects [omitted]
[info] i  Using project codersvilla-f9cb9 (codersvilla) 
[info] 
=== Hosting Setup
[info] 
[info] Your public directory is the folder (relative to your project directory) that
[info] will contain Hosting assets to be uploaded with firebase deploy. If you
[info] have a build process for your assets, use your build's output directory.
[info] 
[debug] [2021-07-21T13:37:29.119Z] >>> [apiv2][query] GET https://www.gstatic.com/firebasejs/releases.json [none]
[debug] [2021-07-21T13:37:29.399Z] <<< [apiv2][status] GET https://www.gstatic.com/firebasejs/releases.json 200
[debug] [2021-07-21T13:37:29.399Z] <<< [apiv2][body] GET https://www.gstatic.com/firebasejs/releases.json {"current":{"version":"8.7.1","browserURL":"https://www.gstatic.com/firebasejs/8.7.1/firebase.js","packageURL":"https://www.gstatic.com/firebasejs/8.7.1/firebase.tgz"},"live":{"version":"8.7","browserURL":"https://www.gstatic.com/firebasejs/live/8.7/firebase.js","packageURL":"https://www.gstatic.com/firebasejs/live/8.7/firebase.tgz"},"components":{"analytics":"https://www.gstatic.com/firebasejs/8.7.1/firebase-analytics.js","app":"https://www.gstatic.com/firebasejs/8.7.1/firebase-app.js","app-check":"https://www.gstatic.com/firebasejs/8.7.1/firebase-app-check.js","auth":"https://www.gstatic.com/firebasejs/8.7.1/firebase-auth.js","database":"https://www.gstatic.com/firebasejs/8.7.1/firebase-database.js","firestore":"https://www.gstatic.com/firebasejs/8.7.1/firebase-firestore.js","functions":"https://www.gstatic.com/firebasejs/8.7.1/firebase-functions.js","installations":"https://www.gstatic.com/firebasejs/8.7.1/firebase-installations.js","messaging":"https://www.gstatic.com/firebasejs/8.7.1/firebase-messaging.js","storage":"https://www.gstatic.com/firebasejs/8.7.1/firebase-storage.js","performance":"https://www.gstatic.com/firebasejs/8.7.1/firebase-performance.js","remote-config":"https://www.gstatic.com/firebasejs/8.7.1/firebase-remote-config.js","firestore.memory":"https://www.gstatic.com/firebasejs/8.7.1/firebase-firestore.memory.js"}}
[info] +  Wrote y/index.html 
[info] 
[info] i  Detected a .git folder at E:\rightmajay 
[info] i  Authorizing with GitHub to upload your service account to a GitHub repository's secrets store. 
[info] 
[info] Visit this URL on this device to log in:
[info] https://github.com/login/oauth/authorize?client_id=89cf50f02ac6aaed3484&state=378330055&redirect_uri=http%3A%2F%2Flocalhost%3A9005&scope=read%3Auser%20repo%20public_repo
[info] 
[info] Waiting for authentication...
[debug] [2021-07-21T13:37:30.607Z] >>> HTTP REQUEST POST https://github.com/login/oauth/access_token  
 {"client_id":"89cf50f02ac6aaed3484","client_secret":"3330d14abc895d9a74d5f17cd7a00711fa2c5bf0","code":"d6d22776c0f7b932daed","redirect_uri":"http://localhost:9005","state":"378330055"}
[debug] [2021-07-21T13:37:31.226Z] <<< HTTP RESPONSE 200 {"server":"GitHub.com","date":"Wed, 21 Jul 2021 13:37:35 GMT","content-type":"application/json; charset=utf-8","transfer-encoding":"chunked","vary":"X-PJAX, Accept-Encoding, Accept, X-Requested-With","permissions-policy":"interest-cohort=()","etag":"W/\"a5307dc0e753c08806e07654d3794dcf\"","cache-control":"max-age=0, private, must-revalidate","strict-transport-security":"max-age=31536000; includeSubdomains; preload","x-frame-options":"deny","x-content-type-options":"nosniff","x-xss-protection":"0","referrer-policy":"origin-when-cross-origin, strict-origin-when-cross-origin","expect-ct":"max-age=2592000, report-uri=\"https://api.github.com/_private/browser/errors\"","content-security-policy":"default-src 'none'; base-uri 'self'; block-all-mixed-content; connect-src 'self' uploads.github.com www.githubstatus.com collector.githubapp.com api.github.com github-cloud.s3.amazonaws.com github-production-repository-file-5c1aeb.s3.amazonaws.com github-production-upload-manifest-file-7fdce7.s3.amazonaws.com github-production-user-asset-6210df.s3.amazonaws.com cdn.optimizely.com logx.optimizely.com/v1/events translator.github.com wss://alive.github.com; font-src github.githubassets.com; form-action 'self' github.com gist.github.com; frame-ancestors 'none'; frame-src render.githubusercontent.com render-temp.githubusercontent.com viewscreen.githubusercontent.com; img-src 'self' data: github.githubassets.com identicons.github.com collector.githubapp.com github-cloud.s3.amazonaws.com secured-user-images.githubusercontent.com/ *.githubusercontent.com; manifest-src 'self'; media-src 'none'; script-src github.githubassets.com; style-src 'unsafe-inline' github.githubassets.com; worker-src github.com/socket-worker-3f088aa2.js gist.github.com/socket-worker-3f088aa2.js","x-github-request-id":"F33A:209B:3FF78A:4611AD:60F8231F"}
[debug] [2021-07-21T13:37:31.230Z] >>> [apiv2][query] GET https://api.github.com/user [none]
[debug] [2021-07-21T13:37:32.225Z] <<< [apiv2][status] GET https://api.github.com/user 200
[debug] [2021-07-21T13:37:32.225Z] <<< [apiv2][body] GET https://api.github.com/user {"login":"GittyAjay","id":43106735,"node_id":"MDQ6VXNlcjQzMTA2NzM1","avatar_url":"https://avatars.githubusercontent.com/u/43106735?v=4","gravatar_id":"","url":"https://api.github.com/users/GittyAjay","html_url":"https://github.com/GittyAjay","followers_url":"https://api.github.com/users/GittyAjay/followers","following_url":"https://api.github.com/users/GittyAjay/following{/other_user}","gists_url":"https://api.github.com/users/GittyAjay/gists{/gist_id}","starred_url":"https://api.github.com/users/GittyAjay/starred{/owner}{/repo}","subscriptions_url":"https://api.github.com/users/GittyAjay/subscriptions","organizations_url":"https://api.github.com/users/GittyAjay/orgs","repos_url":"https://api.github.com/users/GittyAjay/repos","events_url":"https://api.github.com/users/GittyAjay/events{/privacy}","received_events_url":"https://api.github.com/users/GittyAjay/received_events","type":"User","site_admin":false,"name":"AJAY PANDEY","company":"osizone","blog":"https://osizone.com/","location":"Greater noida","email":null,"hireable":null,"bio":"I like learning, discussing, and diving into challenges","twitter_username":"im_Ajaypandey","public_repos":19,"public_gists":0,"followers":5,"following":4,"created_at":"2018-09-09T07:09:20Z","updated_at":"2021-07-20T17:00:42Z","private_gists":2,"total_private_repos":1,"owned_private_repos":1,"disk_usage":288080,"collaborators":0,"two_factor_authentication":false,"plan":{"name":"free","space":976562499,"collaborators":0,"private_repos":10000}}
[info] 
[info] +  Success! Logged into GitHub as GittyAjay 
[info] 
[debug] [2021-07-21T13:37:45.185Z] >>> [apiv2][query] GET https://api.github.com/repos//actions/secrets/public-key type=owner
[debug] [2021-07-21T13:37:45.809Z] <<< [apiv2][status] GET https://api.github.com/repos//actions/secrets/public-key 404
[debug] [2021-07-21T13:37:45.809Z] <<< [apiv2][body] GET https://api.github.com/repos//actions/secrets/public-key {"message":"Not Found","documentation_url":"https://docs.github.com/rest"}
[debug] [2021-07-21T13:37:48.111Z] >>> [apiv2][query] GET https://api.github.com/repos//actions/secrets/public-key type=owner
[debug] [2021-07-21T13:37:48.640Z] <<< [apiv2][status] GET https://api.github.com/repos//actions/secrets/public-key 404
[debug] [2021-07-21T13:37:48.640Z] <<< [apiv2][body] GET https://api.github.com/repos//actions/secrets/public-key {"message":"Not Found","documentation_url":"https://docs.github.com/rest"}
[debug] [2021-07-21T13:37:49.389Z] >>> [apiv2][query] GET https://api.github.com/repos/y/actions/secrets/public-key type=owner
[debug] [2021-07-21T13:37:50.119Z] <<< [apiv2][status] GET https://api.github.com/repos/y/actions/secrets/public-key 404
[debug] [2021-07-21T13:37:50.119Z] <<< [apiv2][body] GET https://api.github.com/repos/y/actions/secrets/public-key {"message":"Not Found","documentation_url":"https://docs.github.com/rest"}
[debug] [2021-07-21T13:38:17.159Z] >>> [apiv2][query] GET https://api.github.com/repos/repository/actions/secrets/public-key type=owner
[debug] [2021-07-21T13:38:17.668Z] <<< [apiv2][status] GET https://api.github.com/repos/repository/actions/secrets/public-key 404
[debug] [2021-07-21T13:38:17.668Z] <<< [apiv2][body] GET https://api.github.com/repos/repository/actions/secrets/public-key {"message":"Not Found","documentation_url":"https://docs.github.com/rest"}
[debug] [2021-07-21T13:39:12.498Z] >>> [apiv2][query] GET https://api.github.com/repos/R8AJAY/actions/secrets/public-key type=owner
[debug] [2021-07-21T13:39:13.085Z] <<< [apiv2][status] GET https://api.github.com/repos/R8AJAY/actions/secrets/public-key 404
[debug] [2021-07-21T13:39:13.085Z] <<< [apiv2][body] GET https://api.github.com/repos/R8AJAY/actions/secrets/public-key {"message":"Not Found","documentation_url":"https://docs.github.com/rest"}
[debug] [2021-07-21T13:39:34.630Z] >>> [apiv2][query] GET https://api.github.com/repos/U/actions/secrets/public-key type=owner
[debug] [2021-07-21T13:39:35.150Z] <<< [apiv2][status] GET https://api.github.com/repos/U/actions/secrets/public-key 404
[debug] [2021-07-21T13:39:35.150Z] <<< [apiv2][body] GET https://api.github.com/repos/U/actions/secrets/public-key {"message":"Not Found","documentation_url":"https://docs.github.com/rest"}
[debug] [2021-07-21T13:39:46.401Z] >>> [apiv2][query] GET https://api.github.com/repos/https://github.com/GittyAjay/R8AJAY.git/actions/secrets/public-key type=owner
[debug] [2021-07-21T13:39:47.236Z] <<< [apiv2][status] GET https://api.github.com/repos/https://github.com/GittyAjay/R8AJAY.git/actions/secrets/public-key 404
[debug] [2021-07-21T13:39:47.236Z] <<< [apiv2][body] GET https://api.github.com/repos/https://github.com/GittyAjay/R8AJAY.git/actions/secrets/public-key {"message":"Not Found","documentation_url":"https://docs.github.com/rest"}
[debug] [2021-07-21T13:40:55.605Z] >>> [apiv2][query] GET https://api.github.com/repos/GittyAjay/actions/secrets/public-key type=owner
[debug] [2021-07-21T13:40:56.355Z] <<< [apiv2][status] GET https://api.github.com/repos/GittyAjay/actions/secrets/public-key 404
[debug] [2021-07-21T13:40:56.355Z] <<< [apiv2][body] GET https://api.github.com/repos/GittyAjay/actions/secrets/public-key {"message":"Not Found","documentation_url":"https://docs.github.com/rest"}
[debug] [2021-07-21T13:40:58.702Z] >>> [apiv2][query] GET https://api.github.com/repos//actions/secrets/public-key type=owner
[debug] [2021-07-21T13:40:58.883Z] >>> [apiv2][query] GET https://api.github.com/repos//actions/secrets/public-key type=owner
[debug] [2021-07-21T13:40:59.040Z] >>> [apiv2][query] GET https://api.github.com/repos//actions/secrets/public-key type=owner
[debug] [2021-07-21T13:40:59.223Z] >>> [apiv2][query] GET https://api.github.com/repos//actions/secrets/public-key type=owner
[debug] [2021-07-21T13:40:59.261Z] <<< [apiv2][status] GET https://api.github.com/repos//actions/secrets/public-key 404
[debug] [2021-07-21T13:40:59.261Z] <<< [apiv2][body] GET https://api.github.com/repos//actions/secrets/public-key {"message":"Not Found","documentation_url":"https://docs.github.com/rest"}
[debug] [2021-07-21T13:40:59.394Z] <<< [apiv2][status] GET https://api.github.com/repos//actions/secrets/public-key 404
[debug] [2021-07-21T13:40:59.394Z] <<< [apiv2][body] GET https://api.github.com/repos//actions/secrets/public-key {"message":"Not Found","documentation_url":"https://docs.github.com/rest"}
[debug] [2021-07-21T13:40:59.532Z] <<< [apiv2][status] GET https://api.github.com/repos//actions/secrets/public-key 404
[debug] [2021-07-21T13:40:59.532Z] <<< [apiv2][body] GET https://api.github.com/repos//actions/secrets/public-key {"message":"Not Found","documentation_url":"https://docs.github.com/rest"}
[debug] [2021-07-21T13:40:59.759Z] <<< [apiv2][status] GET https://api.github.com/repos//actions/secrets/public-key 404
[debug] [2021-07-21T13:40:59.759Z] <<< [apiv2][body] GET https://api.github.com/repos//actions/secrets/public-key {"message":"Not Found","documentation_url":"https://docs.github.com/rest"}
[debug] [2021-07-21T13:41:00.701Z] >>> [apiv2][query] GET https://api.github.com/repos//actions/secrets/public-key type=owner
[debug] [2021-07-21T13:41:00.857Z] >>> [apiv2][query] GET https://api.github.com/repos//actions/secrets/public-key type=owner
[debug] [2021-07-21T13:41:01.012Z] >>> [apiv2][query] GET https://api.github.com/repos//actions/secrets/public-key type=owner
[debug] [2021-07-21T13:41:01.160Z] >>> [apiv2][query] GET https://api.github.com/repos//actions/secrets/public-key type=owner
[debug] [2021-07-21T13:41:01.218Z] <<< [apiv2][status] GET https://api.github.com/repos//actions/secrets/public-key 404
[debug] [2021-07-21T13:41:01.218Z] <<< [apiv2][body] GET https://api.github.com/repos//actions/secrets/public-key {"message":"Not Found","documentation_url":"https://docs.github.com/rest"}
[debug] [2021-07-21T13:41:01.359Z] <<< [apiv2][status] GET https://api.github.com/repos//actions/secrets/public-key 404
[debug] [2021-07-21T13:41:01.359Z] <<< [apiv2][body] GET https://api.github.com/repos//actions/secrets/public-key {"message":"Not Found","documentation_url":"https://docs.github.com/rest"}
[debug] [2021-07-21T13:41:01.500Z] <<< [apiv2][status] GET https://api.github.com/repos//actions/secrets/public-key 404
[debug] [2021-07-21T13:41:01.500Z] <<< [apiv2][body] GET https://api.github.com/repos//actions/secrets/public-key {"message":"Not Found","documentation_url":"https://docs.github.com/rest"}
[debug] [2021-07-21T13:41:01.688Z] <<< [apiv2][status] GET https://api.github.com/repos//actions/secrets/public-key 404
[debug] [2021-07-21T13:41:01.688Z] <<< [apiv2][body] GET https://api.github.com/repos//actions/secrets/public-key {"message":"Not Found","documentation_url":"https://docs.github.com/rest"}
[debug] [2021-07-21T13:41:05.301Z] >>> [apiv2][query] GET https://api.github.com/repos/yes/actions/secrets/public-key type=owner
[debug] [2021-07-21T13:41:05.958Z] <<< [apiv2][status] GET https://api.github.com/repos/yes/actions/secrets/public-key 404
[debug] [2021-07-21T13:41:05.958Z] <<< [apiv2][body] GET https://api.github.com/repos/yes/actions/secrets/public-key {"message":"Not Found","documentation_url":"https://docs.github.com/rest"}
[debug] [2021-07-21T13:41:23.646Z] >>> [apiv2][query] GET https://api.github.com/repos/no/actions/secrets/public-key type=owner
[debug] [2021-07-21T13:41:24.180Z] <<< [apiv2][status] GET https://api.github.com/repos/no/actions/secrets/public-key 404
[debug] [2021-07-21T13:41:24.180Z] <<< [apiv2][body] GET https://api.github.com/repos/no/actions/secrets/public-key {"message":"Not Found","documentation_url":"https://docs.github.com/rest"}
